<?xml version="1.0" encoding="UTF-8"?>
<testng-results ignored="0" total="1" passed="1" failed="0" skipped="0">
  <reporter-output>
  </reporter-output>
  <suite started-at="2025-03-29T16:38:49 IST" name="Default suite" finished-at="2025-03-29T16:38:49 IST" duration-ms="50">
    <groups>
    </groups>
    <test started-at="2025-03-29T16:38:49 IST" name="Default test" finished-at="2025-03-29T16:38:49 IST" duration-ms="50">
      <class name="mislineous.BubbleSort">
        <test-method signature="sort()[pri:0, instance:mislineous.BubbleSort@6989da5e]" started-at="2025-03-29T16:38:49 IST" name="sort" finished-at="2025-03-29T16:38:49 IST" duration-ms="10" status="PASS">
          <reporter-output>
          </reporter-output>
        </test-method> <!-- sort -->
      </class> <!-- mislineous.BubbleSort -->
    </test> <!-- Default test -->
  </suite> <!-- Default suite -->
</testng-results>
